Using pre-set license
Built from '2022.3/staging' branch; Version is '2022.3.23f1 (dbb3f7c5b5c6) revision 14398455'; Using compiler version '192829333'; Build Type 'Release'
OS: 'Windows 10  (10.0.19045) 64bit Core' Language: 'fr' Physical Memory: 16305 MB
BatchMode: 1, IsHumanControllingUs: 0, StartBugReporterOnCrash: 0, Is64bit: 1, IsPro: 1

COMMAND LINE ARGUMENTS:
C:\Program Files\Unity\Hub\Editor\2022.3.23f1\Editor\Unity.exe
-adb2
-batchMode
-noUpm
-name
AssetImportWorker5
-projectPath
C:/Users/roux_/Desktop/SpaceSurvivor/Shooter_project/SpaceSurvivor
-logFile
Logs/AssetImportWorker5.log
-srvPort
53307
Successfully changed project path to: C:/Users/roux_/Desktop/SpaceSurvivor/Shooter_project/SpaceSurvivor
C:/Users/roux_/Desktop/SpaceSurvivor/Shooter_project/SpaceSurvivor
[UnityMemory] Configuration Parameters - Can be set up in boot.config
    "memorysetup-bucket-allocator-granularity=16"
    "memorysetup-bucket-allocator-bucket-count=8"
    "memorysetup-bucket-allocator-block-size=33554432"
    "memorysetup-bucket-allocator-block-count=8"
    "memorysetup-main-allocator-block-size=16777216"
    "memorysetup-thread-allocator-block-size=16777216"
    "memorysetup-gfx-main-allocator-block-size=16777216"
    "memorysetup-gfx-thread-allocator-block-size=16777216"
    "memorysetup-cache-allocator-block-size=4194304"
    "memorysetup-typetree-allocator-block-size=2097152"
    "memorysetup-profiler-bucket-allocator-granularity=16"
    "memorysetup-profiler-bucket-allocator-bucket-count=8"
    "memorysetup-profiler-bucket-allocator-block-size=33554432"
    "memorysetup-profiler-bucket-allocator-block-count=8"
    "memorysetup-profiler-allocator-block-size=16777216"
    "memorysetup-profiler-editor-allocator-block-size=1048576"
    "memorysetup-temp-allocator-size-main=16777216"
    "memorysetup-job-temp-allocator-block-size=2097152"
    "memorysetup-job-temp-allocator-block-size-background=1048576"
    "memorysetup-job-temp-allocator-reduction-small-platforms=262144"
    "memorysetup-allocator-temp-initial-block-size-main=262144"
    "memorysetup-allocator-temp-initial-block-size-worker=262144"
    "memorysetup-temp-allocator-size-background-worker=32768"
    "memorysetup-temp-allocator-size-job-worker=262144"
    "memorysetup-temp-allocator-size-preload-manager=33554432"
    "memorysetup-temp-allocator-size-nav-mesh-worker=65536"
    "memorysetup-temp-allocator-size-audio-worker=65536"
    "memorysetup-temp-allocator-size-cloud-worker=32768"
    "memorysetup-temp-allocator-size-gi-baking-worker=262144"
    "memorysetup-temp-allocator-size-gfx=262144"
Player connection [23988] Host "[IP] 192.168.1.81 [Port] 0 [Flags] 2 [Guid] 3590348857 [EditorId] 3590348857 [Version] 1048832 [Id] WindowsEditor(7,DESKTOP-D94531T) [Debug] 1 [PackageName] WindowsEditor [ProjectName] Editor" joined multi-casting on [225.0.0.222:54997]...

Player connection [23988] Host "[IP] 192.168.1.81 [Port] 0 [Flags] 2 [Guid] 3590348857 [EditorId] 3590348857 [Version] 1048832 [Id] WindowsEditor(7,DESKTOP-D94531T) [Debug] 1 [PackageName] WindowsEditor [ProjectName] Editor" joined alternative multi-casting on [225.0.0.222:34997]...

[Physics::Module] Initialized MultithreadedJobDispatcher with 15 workers.
Refreshing native plugins compatible for Editor in 18.27 ms, found 4 plugins.
Preloading 0 native plugins for Editor in 0.00 ms.
Initialize engine version: 2022.3.23f1 (dbb3f7c5b5c6)
[Subsystems] Discovering subsystems at path C:/Program Files/Unity/Hub/Editor/2022.3.23f1/Editor/Data/Resources/UnitySubsystems
[Subsystems] Discovering subsystems at path C:/Users/roux_/Desktop/SpaceSurvivor/Shooter_project/SpaceSurvivor/Assets
GfxDevice: creating device client; threaded=0; jobified=0
Direct3D:
    Version:  Direct3D 11.0 [level 11.1]
    Renderer: NVIDIA GeForce RTX 2070 SUPER (ID=0x1e84)
    Vendor:   NVIDIA
    VRAM:     7989 MB
    Driver:   32.0.15.6070
Initialize mono
Mono path[0] = 'C:/Program Files/Unity/Hub/Editor/2022.3.23f1/Editor/Data/Managed'
Mono path[1] = 'C:/Program Files/Unity/Hub/Editor/2022.3.23f1/Editor/Data/MonoBleedingEdge/lib/mono/unityjit-win32'
Mono config path = 'C:/Program Files/Unity/Hub/Editor/2022.3.23f1/Editor/Data/MonoBleedingEdge/etc'
Using monoOptions --debugger-agent=transport=dt_socket,embedding=1,server=y,suspend=n,address=127.0.0.1:56320
Begin MonoManager ReloadAssembly
Registering precompiled unity dll's ...
Register platform support module: C:/Program Files/Unity/Hub/Editor/2022.3.23f1/Editor/Data/PlaybackEngines/WindowsStandaloneSupport/UnityEditor.WindowsStandalone.Extensions.dll
Registered in 0.013016 seconds.
- Loaded All Assemblies, in  0.361 seconds
Native extension for WindowsStandalone target not found
Mono: successfully reloaded assembly
- Finished resetting the current domain, in  0.257 seconds
Domain Reload Profiling: 615ms
	BeginReloadAssembly (112ms)
		ExecutionOrderSort (0ms)
		DisableScriptedObjects (0ms)
		BackupInstance (0ms)
		ReleaseScriptingObjects (0ms)
		CreateAndSetChildDomain (1ms)
	RebuildCommonClasses (33ms)
	RebuildNativeTypeToScriptingClass (11ms)
	initialDomainReloadingComplete (64ms)
	LoadAllAssembliesAndSetupDomain (136ms)
		LoadAssemblies (108ms)
		RebuildTransferFunctionScriptingTraits (0ms)
		AnalyzeDomain (135ms)
			TypeCache.Refresh (133ms)
				TypeCache.ScanAssembly (117ms)
			ScanForSourceGeneratedMonoScriptInfo (0ms)
			ResolveRequiredComponents (0ms)
	FinalizeReload (258ms)
		ReleaseScriptCaches (0ms)
		RebuildScriptCaches (0ms)
		SetupLoadedEditorAssemblies (204ms)
			LogAssemblyErrors (0ms)
			InitializePlatformSupportModulesInManaged (10ms)
			SetLoadedEditorAssemblies (7ms)
			RefreshPlugins (0ms)
			BeforeProcessingInitializeOnLoad (2ms)
			ProcessInitializeOnLoadAttributes (141ms)
			ProcessInitializeOnLoadMethodAttributes (43ms)
			AfterProcessingInitializeOnLoad (0ms)
			EditorAssembliesLoaded (0ms)
		ExecutionOrderSort2 (0ms)
		AwakeInstancesAfterBackupRestoration (0ms)
========================================================================
Worker process is ready to serve import requests
Begin MonoManager ReloadAssembly
- Loaded All Assemblies, in  0.750 seconds
Refreshing native plugins compatible for Editor in 6.16 ms, found 4 plugins.
Native extension for WindowsStandalone target not found
Package Manager log level set to [2]
[Package Manager] Server::EnsureServerProcessIsRunning -- launch failed, reason: Unity was launched with the -noUpm command-line argument
[Package Manager] UpmClient::Send -- Unable to send message (not connected to UPM process).
[Package Manager] Cannot connect to Unity Package Manager local server
Mono: successfully reloaded assembly
- Finished resetting the current domain, in  0.827 seconds
Domain Reload Profiling: 1571ms
	BeginReloadAssembly (148ms)
		ExecutionOrderSort (0ms)
		DisableScriptedObjects (5ms)
		BackupInstance (0ms)
		ReleaseScriptingObjects (0ms)
		CreateAndSetChildDomain (23ms)
	RebuildCommonClasses (33ms)
	RebuildNativeTypeToScriptingClass (11ms)
	initialDomainReloadingComplete (45ms)
	LoadAllAssembliesAndSetupDomain (506ms)
		LoadAssemblies (382ms)
		RebuildTransferFunctionScriptingTraits (0ms)
		AnalyzeDomain (212ms)
			TypeCache.Refresh (173ms)
				TypeCache.ScanAssembly (157ms)
			ScanForSourceGeneratedMonoScriptInfo (27ms)
			ResolveRequiredComponents (11ms)
	FinalizeReload (828ms)
		ReleaseScriptCaches (0ms)
		RebuildScriptCaches (0ms)
		SetupLoadedEditorAssemblies (668ms)
			LogAssemblyErrors (0ms)
			InitializePlatformSupportModulesInManaged (7ms)
			SetLoadedEditorAssemblies (3ms)
			RefreshPlugins (0ms)
			BeforeProcessingInitializeOnLoad (99ms)
			ProcessInitializeOnLoadAttributes (484ms)
			ProcessInitializeOnLoadMethodAttributes (62ms)
			AfterProcessingInitializeOnLoad (12ms)
			EditorAssembliesLoaded (0ms)
		ExecutionOrderSort2 (0ms)
		AwakeInstancesAfterBackupRestoration (9ms)
Launched and connected shader compiler UnityShaderCompiler.exe after 0.04 seconds
Refreshing native plugins compatible for Editor in 6.77 ms, found 4 plugins.
Preloading 0 native plugins for Editor in 0.00 ms.
Unloading 6038 Unused Serialized files (Serialized files now loaded: 0)
Unloading 101 unused Assets / (1.7 MB). Loaded Objects now: 6489.
Memory consumption went from 247.9 MB to 246.2 MB.
Total: 5.666300 ms (FindLiveObjects: 0.638200 ms CreateObjectMapping: 0.160600 ms MarkObjects: 3.970700 ms  DeleteObjects: 0.895800 ms)

AssetImportParameters requested are different than current active one (requested -> active):
  custom:container-demuxer-ogg: 62fdf1f143b41e24485cea50d1cbac27 -> 
  custom:video-decoder-ogg-theora: a1e56fd34408186e4bbccfd4996cb3dc -> 
  custom:framework-win-MediaFoundation: 216162199b28c13a410421893ffa2e32 -> 
  custom:CustomObjectIndexerAttribute: 72b91833f83ae208fae7752999fa3104 -> 
  custom:container-demuxer-webm: 4f35f7cbe854078d1ac9338744f61a02 -> 
  custom:container-muxer-webm: aa71ff27fc2769a1b78a27578f13a17b -> 
  custom:video-decoder-webm-vp8: 9c59270c3fd7afecdb556c50c9e8de78 -> 
  custom:SearchIndexIgnoredProperties: e643bd26f0fe6173181afceb89e7c659 -> 
  custom:AudioImporter_EditorPlatform: d09bf68614088b80899f8185d706f6e7 -> 
  custom:video-encoder-webm-vp8: eb34c28f22e8b96e1ab97ce403110664 -> 
  custom:audio-decoder-ogg-vorbis: bf7c407c2cedff20999df2af8eb42d56 -> 
  custom:audio-encoder-webm-vorbis: bf7c407c2cedff20999df2af8eb42d56 -> 
========================================================================
Received Import Request.
  Time since last request: 14468.254601 seconds.
  path: Assets/ProjectData/P_Bullets/DoubleBarrel.prefab
  artifactKey: Guid(303e891fe56a4164bb11d1321e8fb920) Importer(815301076,1909f56bfc062723c751e8b465ee728b)
Start importing Assets/ProjectData/P_Bullets/DoubleBarrel.prefab using Guid(303e891fe56a4164bb11d1321e8fb920) Importer(815301076,1909f56bfc062723c751e8b465ee728b)  -> (artifact id: 'f5f984dfa2ca1aabf8858a51eac19edc') in 0.375249 seconds
Number of updated asset objects reloaded before import = 0
Number of asset objects unloaded after import = 12
========================================================================
Received Import Request.
  Time since last request: 144.579406 seconds.
  path: Assets/ProjectData/Enemy/Gunner/lightfighter1.png
  artifactKey: Guid(bbddb388b09b3b743a043c4746675e2d) Importer(815301076,1909f56bfc062723c751e8b465ee728b)
Start importing Assets/ProjectData/Enemy/Gunner/lightfighter1.png using Guid(bbddb388b09b3b743a043c4746675e2d) Importer(815301076,1909f56bfc062723c751e8b465ee728b)  -> (artifact id: '9421865fd39f17f58da58fee701a6fbd') in 0.055522 seconds
Number of updated asset objects reloaded before import = 0
Number of asset objects unloaded after import = 3
========================================================================
Received Import Request.
  Time since last request: 20.317339 seconds.
  path: Assets/ProjectData/E_Weapons/Advanced_Follower/sentry1.png
  artifactKey: Guid(05e6b0c10427e4746b2a2b9004f6e681) Importer(815301076,1909f56bfc062723c751e8b465ee728b)
Start importing Assets/ProjectData/E_Weapons/Advanced_Follower/sentry1.png using Guid(05e6b0c10427e4746b2a2b9004f6e681) Importer(815301076,1909f56bfc062723c751e8b465ee728b)  -> (artifact id: '62011669c65f6589f845df42f1be821a') in 0.089847 seconds
Number of updated asset objects reloaded before import = 0
Number of asset objects unloaded after import = 3
========================================================================
Received Prepare
Begin MonoManager ReloadAssembly
- Loaded All Assemblies, in  0.598 seconds
Refreshing native plugins compatible for Editor in 7.52 ms, found 4 plugins.
Native extension for WindowsStandalone target not found
[Package Manager] Server::EnsureServerProcessIsRunning -- launch failed, reason: Unity was launched with the -noUpm command-line argument
[Package Manager] UpmClient::Send -- Unable to send message (not connected to UPM process).
[Package Manager] Cannot connect to Unity Package Manager local server
Mono: successfully reloaded assembly
- Finished resetting the current domain, in  1.618 seconds
Domain Reload Profiling: 2209ms
	BeginReloadAssembly (191ms)
		ExecutionOrderSort (0ms)
		DisableScriptedObjects (15ms)
		BackupInstance (0ms)
		ReleaseScriptingObjects (0ms)
		CreateAndSetChildDomain (49ms)
	RebuildCommonClasses (36ms)
	RebuildNativeTypeToScriptingClass (12ms)
	initialDomainReloadingComplete (36ms)
	LoadAllAssembliesAndSetupDomain (316ms)
		LoadAssemblies (385ms)
		RebuildTransferFunctionScriptingTraits (0ms)
		AnalyzeDomain (20ms)
			TypeCache.Refresh (7ms)
				TypeCache.ScanAssembly (0ms)
			ScanForSourceGeneratedMonoScriptInfo (0ms)
			ResolveRequiredComponents (12ms)
	FinalizeReload (1619ms)
		ReleaseScriptCaches (0ms)
		RebuildScriptCaches (0ms)
		SetupLoadedEditorAssemblies (637ms)
			LogAssemblyErrors (0ms)
			InitializePlatformSupportModulesInManaged (7ms)
			SetLoadedEditorAssemblies (3ms)
			RefreshPlugins (0ms)
			BeforeProcessingInitializeOnLoad (98ms)
			ProcessInitializeOnLoadAttributes (456ms)
			ProcessInitializeOnLoadMethodAttributes (58ms)
			AfterProcessingInitializeOnLoad (14ms)
			EditorAssembliesLoaded (0ms)
		ExecutionOrderSort2 (0ms)
		AwakeInstancesAfterBackupRestoration (17ms)
Refreshing native plugins compatible for Editor in 6.89 ms, found 4 plugins.
Preloading 0 native plugins for Editor in 0.00 ms.
Unloading 5838 Unused Serialized files (Serialized files now loaded: 0)
Unloading 65 unused Assets / (1.6 MB). Loaded Objects now: 6547.
Memory consumption went from 217.0 MB to 215.3 MB.
Total: 5.126900 ms (FindLiveObjects: 0.618700 ms CreateObjectMapping: 0.153800 ms MarkObjects: 3.392300 ms  DeleteObjects: 0.960900 ms)

Prepare: number of updated asset objects reloaded= 0
AssetImportParameters requested are different than current active one (requested -> active):
  custom:container-demuxer-ogg: 62fdf1f143b41e24485cea50d1cbac27 -> 
  custom:video-decoder-ogg-theora: a1e56fd34408186e4bbccfd4996cb3dc -> 
  custom:framework-win-MediaFoundation: 216162199b28c13a410421893ffa2e32 -> 
  custom:CustomObjectIndexerAttribute: 72b91833f83ae208fae7752999fa3104 -> 
  custom:container-demuxer-webm: 4f35f7cbe854078d1ac9338744f61a02 -> 
  custom:container-muxer-webm: aa71ff27fc2769a1b78a27578f13a17b -> 
  custom:video-decoder-webm-vp8: 9c59270c3fd7afecdb556c50c9e8de78 -> 
  custom:SearchIndexIgnoredProperties: e643bd26f0fe6173181afceb89e7c659 -> 
  custom:AudioImporter_EditorPlatform: d09bf68614088b80899f8185d706f6e7 -> 
  custom:video-encoder-webm-vp8: eb34c28f22e8b96e1ab97ce403110664 -> 
  custom:audio-decoder-ogg-vorbis: bf7c407c2cedff20999df2af8eb42d56 -> 
  custom:audio-encoder-webm-vorbis: bf7c407c2cedff20999df2af8eb42d56 -> 
========================================================================
Received Prepare
Begin MonoManager ReloadAssembly
- Loaded All Assemblies, in  0.580 seconds
Refreshing native plugins compatible for Editor in 7.48 ms, found 4 plugins.
Native extension for WindowsStandalone target not found
[Package Manager] Server::EnsureServerProcessIsRunning -- launch failed, reason: Unity was launched with the -noUpm command-line argument
[Package Manager] UpmClient::Send -- Unable to send message (not connected to UPM process).
[Package Manager] Cannot connect to Unity Package Manager local server
Mono: successfully reloaded assembly
- Finished resetting the current domain, in  1.772 seconds
Domain Reload Profiling: 2344ms
	BeginReloadAssembly (179ms)
		ExecutionOrderSort (0ms)
		DisableScriptedObjects (10ms)
		BackupInstance (0ms)
		ReleaseScriptingObjects (0ms)
		CreateAndSetChildDomain (46ms)
	RebuildCommonClasses (35ms)
	RebuildNativeTypeToScriptingClass (12ms)
	initialDomainReloadingComplete (37ms)
	LoadAllAssembliesAndSetupDomain (309ms)
		LoadAssemblies (373ms)
		RebuildTransferFunctionScriptingTraits (0ms)
		AnalyzeDomain (23ms)
			TypeCache.Refresh (8ms)
				TypeCache.ScanAssembly (0ms)
			ScanForSourceGeneratedMonoScriptInfo (0ms)
			ResolveRequiredComponents (13ms)
	FinalizeReload (1772ms)
		ReleaseScriptCaches (0ms)
		RebuildScriptCaches (0ms)
		SetupLoadedEditorAssemblies (667ms)
			LogAssemblyErrors (0ms)
			InitializePlatformSupportModulesInManaged (8ms)
			SetLoadedEditorAssemblies (3ms)
			RefreshPlugins (0ms)
			BeforeProcessingInitializeOnLoad (103ms)
			ProcessInitializeOnLoadAttributes (476ms)
			ProcessInitializeOnLoadMethodAttributes (65ms)
			AfterProcessingInitializeOnLoad (13ms)
			EditorAssembliesLoaded (0ms)
		ExecutionOrderSort2 (0ms)
		AwakeInstancesAfterBackupRestoration (18ms)
Refreshing native plugins compatible for Editor in 7.29 ms, found 4 plugins.
Preloading 0 native plugins for Editor in 0.00 ms.
Unloading 5838 Unused Serialized files (Serialized files now loaded: 0)
Unloading 65 unused Assets / (1.6 MB). Loaded Objects now: 6552.
Memory consumption went from 218.8 MB to 217.2 MB.
Total: 4.887500 ms (FindLiveObjects: 0.615200 ms CreateObjectMapping: 0.150300 ms MarkObjects: 3.159800 ms  DeleteObjects: 0.961000 ms)

Prepare: number of updated asset objects reloaded= 0
AssetImportParameters requested are different than current active one (requested -> active):
  custom:container-demuxer-ogg: 62fdf1f143b41e24485cea50d1cbac27 -> 
  custom:video-decoder-ogg-theora: a1e56fd34408186e4bbccfd4996cb3dc -> 
  custom:framework-win-MediaFoundation: 216162199b28c13a410421893ffa2e32 -> 
  custom:CustomObjectIndexerAttribute: 72b91833f83ae208fae7752999fa3104 -> 
  custom:container-demuxer-webm: 4f35f7cbe854078d1ac9338744f61a02 -> 
  custom:container-muxer-webm: aa71ff27fc2769a1b78a27578f13a17b -> 
  custom:video-decoder-webm-vp8: 9c59270c3fd7afecdb556c50c9e8de78 -> 
  custom:SearchIndexIgnoredProperties: e643bd26f0fe6173181afceb89e7c659 -> 
  custom:AudioImporter_EditorPlatform: d09bf68614088b80899f8185d706f6e7 -> 
  custom:video-encoder-webm-vp8: eb34c28f22e8b96e1ab97ce403110664 -> 
  custom:audio-decoder-ogg-vorbis: bf7c407c2cedff20999df2af8eb42d56 -> 
  custom:audio-encoder-webm-vorbis: bf7c407c2cedff20999df2af8eb42d56 -> 
========================================================================
Received Import Request.
  Time since last request: 323.287898 seconds.
  path: Assets/ProjectData/Font/Font_Basic SDF.asset
  artifactKey: Guid(b78c9d292c38ff043bf599cc2c9569f2) Importer(815301076,1909f56bfc062723c751e8b465ee728b)
Start importing Assets/ProjectData/Font/Font_Basic SDF.asset using Guid(b78c9d292c38ff043bf599cc2c9569f2) Importer(815301076,1909f56bfc062723c751e8b465ee728b)  -> (artifact id: '1092e29e456f5c2755c318c4f0c0ea99') in 0.304475 seconds
Number of updated asset objects reloaded before import = 0
Number of asset objects unloaded after import = 25
========================================================================
Received Import Request.
  Time since last request: 0.266062 seconds.
  path: Assets/ProjectData/Obstacles/big2.png
  artifactKey: Guid(f360670bc68e93b4e9822c72c90bc092) Importer(815301076,1909f56bfc062723c751e8b465ee728b)
Start importing Assets/ProjectData/Obstacles/big2.png using Guid(f360670bc68e93b4e9822c72c90bc092) Importer(815301076,1909f56bfc062723c751e8b465ee728b)  -> (artifact id: '32095cca8c776b45ab8b018ca30b0b80') in 0.050735 seconds
Number of updated asset objects reloaded before import = 0
Number of asset objects unloaded after import = 3
========================================================================
Received Import Request.
  Time since last request: 0.000023 seconds.
  path: Assets/ProjectData/Obstacles/Rock 18.prefab
  artifactKey: Guid(a3340d485893a7e4aa1f6f13b34abf08) Importer(815301076,1909f56bfc062723c751e8b465ee728b)
Start importing Assets/ProjectData/Obstacles/Rock 18.prefab using Guid(a3340d485893a7e4aa1f6f13b34abf08) Importer(815301076,1909f56bfc062723c751e8b465ee728b)  -> (artifact id: 'aafdf9e1167f4a11f4cd5621dde52bf8') in 0.030994 seconds
Number of updated asset objects reloaded before import = 0
Number of asset objects unloaded after import = 10
========================================================================
Received Import Request.
  Time since last request: 0.000024 seconds.
  path: Assets/ProjectData/Obstacles/Rock 8.prefab
  artifactKey: Guid(3186caa107d820247a0db6278e4598c9) Importer(815301076,1909f56bfc062723c751e8b465ee728b)
Start importing Assets/ProjectData/Obstacles/Rock 8.prefab using Guid(3186caa107d820247a0db6278e4598c9) Importer(815301076,1909f56bfc062723c751e8b465ee728b)  -> (artifact id: '359e69966b87251e50c90f4257a39513') in 0.027597 seconds
Number of updated asset objects reloaded before import = 0
Number of asset objects unloaded after import = 10
========================================================================
Received Import Request.
  Time since last request: 0.000023 seconds.
  path: Assets/ProjectData/Obstacles/Rock 6.prefab
  artifactKey: Guid(6741dbb00c81ab14ca8f98044ed72e48) Importer(815301076,1909f56bfc062723c751e8b465ee728b)
Start importing Assets/ProjectData/Obstacles/Rock 6.prefab using Guid(6741dbb00c81ab14ca8f98044ed72e48) Importer(815301076,1909f56bfc062723c751e8b465ee728b)  -> (artifact id: '05b8d5e3ecc422879cefe089f1067315') in 0.020325 seconds
Number of updated asset objects reloaded before import = 0
Number of asset objects unloaded after import = 10
========================================================================
Received Import Request.
  Time since last request: 0.000030 seconds.
  path: Assets/ProjectData/Obstacles/Rock 20.prefab
  artifactKey: Guid(5763adec6dd8fc14683d9934c4d743d3) Importer(815301076,1909f56bfc062723c751e8b465ee728b)
Start importing Assets/ProjectData/Obstacles/Rock 20.prefab using Guid(5763adec6dd8fc14683d9934c4d743d3) Importer(815301076,1909f56bfc062723c751e8b465ee728b)  -> (artifact id: '5bb54bc98ad79f2f978f91b135696119') in 0.017326 seconds
Number of updated asset objects reloaded before import = 0
Number of asset objects unloaded after import = 10
========================================================================
Received Import Request.
  Time since last request: 0.000036 seconds.
  path: Assets/ProjectData/Obstacles/med5.png
  artifactKey: Guid(d85c33c296568ae44817e8cf33ddf99b) Importer(815301076,1909f56bfc062723c751e8b465ee728b)
Start importing Assets/ProjectData/Obstacles/med5.png using Guid(d85c33c296568ae44817e8cf33ddf99b) Importer(815301076,1909f56bfc062723c751e8b465ee728b)  -> (artifact id: '9a2cefb811cc8ea82d1a48c2f73b1771') in 0.024758 seconds
Number of updated asset objects reloaded before import = 0
Number of asset objects unloaded after import = 3
========================================================================
Received Import Request.
  Time since last request: 0.000056 seconds.
  path: Assets/ProjectData/Obstacles/Rock 1.prefab
  artifactKey: Guid(7eedaa76ec8272c46a864d3cf179c668) Importer(815301076,1909f56bfc062723c751e8b465ee728b)
Start importing Assets/ProjectData/Obstacles/Rock 1.prefab using Guid(7eedaa76ec8272c46a864d3cf179c668) Importer(815301076,1909f56bfc062723c751e8b465ee728b)  -> (artifact id: 'b9c2ff70cbdfed50e5f849602712dbf5') in 0.027200 seconds
Number of updated asset objects reloaded before import = 0
Number of asset objects unloaded after import = 10
========================================================================
Received Import Request.
  Time since last request: 0.000024 seconds.
  path: Assets/ProjectData/Obstacles/med7.png
  artifactKey: Guid(3acbc9120034300418b6b60bae742810) Importer(815301076,1909f56bfc062723c751e8b465ee728b)
Start importing Assets/ProjectData/Obstacles/med7.png using Guid(3acbc9120034300418b6b60bae742810) Importer(815301076,1909f56bfc062723c751e8b465ee728b)  -> (artifact id: 'b92fc38b1171d4263e9a28f1cbe5655c') in 0.025068 seconds
Number of updated asset objects reloaded before import = 0
Number of asset objects unloaded after import = 3
========================================================================
Received Import Request.
  Time since last request: 0.000025 seconds.
  path: Assets/ProjectData/Obstacles/Rock 7.prefab
  artifactKey: Guid(2f45bb2b603ca714e949e68488bb22e3) Importer(815301076,1909f56bfc062723c751e8b465ee728b)
Start importing Assets/ProjectData/Obstacles/Rock 7.prefab using Guid(2f45bb2b603ca714e949e68488bb22e3) Importer(815301076,1909f56bfc062723c751e8b465ee728b)  -> (artifact id: 'e6c11497d783ef846896e3a1c0fe72ae') in 0.025695 seconds
Number of updated asset objects reloaded before import = 0
Number of asset objects unloaded after import = 10
========================================================================
Received Import Request.
  Time since last request: 0.000027 seconds.
  path: Assets/ProjectData/Obstacles/sml4.png
  artifactKey: Guid(44434d4e9b71f3a4d83dc11c005834b2) Importer(815301076,1909f56bfc062723c751e8b465ee728b)
Start importing Assets/ProjectData/Obstacles/sml4.png using Guid(44434d4e9b71f3a4d83dc11c005834b2) Importer(815301076,1909f56bfc062723c751e8b465ee728b)  -> (artifact id: 'b7ee1279617e70169eb664963044e7a0') in 0.021032 seconds
Number of updated asset objects reloaded before import = 0
Number of asset objects unloaded after import = 3
========================================================================
Received Import Request.
  Time since last request: 0.000026 seconds.
  path: Assets/ProjectData/Obstacles/Rock 21.prefab
  artifactKey: Guid(8640c8c7180e59d4588b555d5cbee074) Importer(815301076,1909f56bfc062723c751e8b465ee728b)
Start importing Assets/ProjectData/Obstacles/Rock 21.prefab using Guid(8640c8c7180e59d4588b555d5cbee074) Importer(815301076,1909f56bfc062723c751e8b465ee728b)  -> (artifact id: '4c6e07b3113754b5eb10a0ee477f0890') in 0.018953 seconds
Number of updated asset objects reloaded before import = 0
Number of asset objects unloaded after import = 10
========================================================================
Received Import Request.
  Time since last request: 0.000032 seconds.
  path: Assets/ProjectData/Obstacles/med2.png
  artifactKey: Guid(5d411db777720c14c936883f2858c0c2) Importer(815301076,1909f56bfc062723c751e8b465ee728b)
Start importing Assets/ProjectData/Obstacles/med2.png using Guid(5d411db777720c14c936883f2858c0c2) Importer(815301076,1909f56bfc062723c751e8b465ee728b)  -> (artifact id: '86e8dd1895834e3c011eb89c01f88e25') in 0.022967 seconds
Number of updated asset objects reloaded before import = 0
Number of asset objects unloaded after import = 3
========================================================================
Received Import Request.
  Time since last request: 0.000034 seconds.
  path: Assets/ProjectData/Obstacles/med8.png
  artifactKey: Guid(a9f79bee88842aa4bb1f9c248f1d8962) Importer(815301076,1909f56bfc062723c751e8b465ee728b)
Start importing Assets/ProjectData/Obstacles/med8.png using Guid(a9f79bee88842aa4bb1f9c248f1d8962) Importer(815301076,1909f56bfc062723c751e8b465ee728b)  -> (artifact id: '134c7f259ed81c9b1ec95a07a656653d') in 0.077572 seconds
Number of updated asset objects reloaded before import = 0
Number of asset objects unloaded after import = 3
========================================================================
Received Import Request.
  Time since last request: 0.000019 seconds.
  path: Assets/ProjectData/Obstacles/med3.png
  artifactKey: Guid(a16446bd66dfc544db2f6e0ddbdab5bc) Importer(815301076,1909f56bfc062723c751e8b465ee728b)
Start importing Assets/ProjectData/Obstacles/med3.png using Guid(a16446bd66dfc544db2f6e0ddbdab5bc) Importer(815301076,1909f56bfc062723c751e8b465ee728b)  -> (artifact id: 'c65b732035d59badf2a442de6336d8e9') in 0.042345 seconds
Number of updated asset objects reloaded before import = 0
Number of asset objects unloaded after import = 3
========================================================================
Received Import Request.
  Time since last request: 0.000026 seconds.
  path: Assets/ProjectData/Obstacles/Rock 12.prefab
  artifactKey: Guid(fb8c984c01a467e479fb10647650c58f) Importer(815301076,1909f56bfc062723c751e8b465ee728b)
Start importing Assets/ProjectData/Obstacles/Rock 12.prefab using Guid(fb8c984c01a467e479fb10647650c58f) Importer(815301076,1909f56bfc062723c751e8b465ee728b)  -> (artifact id: '9dde1822daa7fec7d882f15ab7ceefe9') in 0.021268 seconds
Number of updated asset objects reloaded before import = 0
Number of asset objects unloaded after import = 10
========================================================================
Received Import Request.
  Time since last request: 0.000025 seconds.
  path: Assets/ProjectData/Obstacles/sml7.png
  artifactKey: Guid(e7622ed83dfde334c9848a9b360251ef) Importer(815301076,1909f56bfc062723c751e8b465ee728b)
Start importing Assets/ProjectData/Obstacles/sml7.png using Guid(e7622ed83dfde334c9848a9b360251ef) Importer(815301076,1909f56bfc062723c751e8b465ee728b)  -> (artifact id: '8ae2dff5048501d3b937e6b3263684c2') in 0.018242 seconds
Number of updated asset objects reloaded before import = 0
Number of asset objects unloaded after import = 3
========================================================================
Received Import Request.
  Time since last request: 0.000021 seconds.
  path: Assets/ProjectData/Obstacles/med1.png
  artifactKey: Guid(48baaa4cf702615449f06e0aa997b029) Importer(815301076,1909f56bfc062723c751e8b465ee728b)
Start importing Assets/ProjectData/Obstacles/med1.png using Guid(48baaa4cf702615449f06e0aa997b029) Importer(815301076,1909f56bfc062723c751e8b465ee728b)  -> (artifact id: '2ca371b009a93ae13ede2333b98b543e') in 0.028188 seconds
Number of updated asset objects reloaded before import = 0
Number of asset objects unloaded after import = 3
========================================================================
Received Import Request.
  Time since last request: 0.000026 seconds.
  path: Assets/ProjectData/Obstacles/sml10.png
  artifactKey: Guid(644e20b2418992341bc2cd12c7763763) Importer(815301076,1909f56bfc062723c751e8b465ee728b)
Start importing Assets/ProjectData/Obstacles/sml10.png using Guid(644e20b2418992341bc2cd12c7763763) Importer(815301076,1909f56bfc062723c751e8b465ee728b)  -> (artifact id: '4688098b038c964b3fd75cdbf220c10b') in 0.017025 seconds
Number of updated asset objects reloaded before import = 0
Number of asset objects unloaded after import = 3
========================================================================
Received Import Request.
  Time since last request: 0.000033 seconds.
  path: Assets/ProjectData/Obstacles/med4.png
  artifactKey: Guid(9477eea4afa612d4e83f3022cbb25cc6) Importer(815301076,1909f56bfc062723c751e8b465ee728b)
Start importing Assets/ProjectData/Obstacles/med4.png using Guid(9477eea4afa612d4e83f3022cbb25cc6) Importer(815301076,1909f56bfc062723c751e8b465ee728b)  -> (artifact id: '800486251efc27ac96ce079d1c0a4489') in 0.031740 seconds
Number of updated asset objects reloaded before import = 0
Number of asset objects unloaded after import = 3
========================================================================
Received Import Request.
  Time since last request: 0.000024 seconds.
  path: Assets/ProjectData/Obstacles/Rock 11.prefab
  artifactKey: Guid(a1e04172cb2e0f443aa39998dc0d3ea5) Importer(815301076,1909f56bfc062723c751e8b465ee728b)
Start importing Assets/ProjectData/Obstacles/Rock 11.prefab using Guid(a1e04172cb2e0f443aa39998dc0d3ea5) Importer(815301076,1909f56bfc062723c751e8b465ee728b)  -> (artifact id: '6b603209ec5f80548bf228c6575ed823') in 0.017962 seconds
Number of updated asset objects reloaded before import = 0
Number of asset objects unloaded after import = 10
========================================================================
Received Import Request.
  Time since last request: 0.000023 seconds.
  path: Assets/ProjectData/Obstacles/Rock 16.prefab
  artifactKey: Guid(8459647502a01494c862e3350bd3f7a4) Importer(815301076,1909f56bfc062723c751e8b465ee728b)
Start importing Assets/ProjectData/Obstacles/Rock 16.prefab using Guid(8459647502a01494c862e3350bd3f7a4) Importer(815301076,1909f56bfc062723c751e8b465ee728b)  -> (artifact id: 'ce87793f96859d7b3e8e04f58797eb53') in 0.018623 seconds
Number of updated asset objects reloaded before import = 0
Number of asset objects unloaded after import = 10
========================================================================
Received Import Request.
  Time since last request: 0.000021 seconds.
  path: Assets/ProjectData/Obstacles/sml9.png
  artifactKey: Guid(696b35f5631b9f7449bb55a7497ed50d) Importer(815301076,1909f56bfc062723c751e8b465ee728b)
Start importing Assets/ProjectData/Obstacles/sml9.png using Guid(696b35f5631b9f7449bb55a7497ed50d) Importer(815301076,1909f56bfc062723c751e8b465ee728b)  -> (artifact id: '09101dbea9842ac82abe194dce679c0a') in 0.018932 seconds
Number of updated asset objects reloaded before import = 0
Number of asset objects unloaded after import = 3
========================================================================
Received Import Request.
  Time since last request: 4.727027 seconds.
  path: Assets/ProjectData/Obstacles/Rock 2.prefab
  artifactKey: Guid(7bb7c778d957c194897362a4086f8083) Importer(815301076,1909f56bfc062723c751e8b465ee728b)
Start importing Assets/ProjectData/Obstacles/Rock 2.prefab using Guid(7bb7c778d957c194897362a4086f8083) Importer(815301076,1909f56bfc062723c751e8b465ee728b)  -> (artifact id: 'f26f1d9a519f38cbf282be541df6def7') in 0.020733 seconds
Number of updated asset objects reloaded before import = 0
Number of asset objects unloaded after import = 10
========================================================================
Received Import Request.
  Time since last request: 0.000039 seconds.
  path: Assets/ProjectData/Obstacles/Rock 18.prefab
  artifactKey: Guid(a3340d485893a7e4aa1f6f13b34abf08) Importer(815301076,1909f56bfc062723c751e8b465ee728b)
Start importing Assets/ProjectData/Obstacles/Rock 18.prefab using Guid(a3340d485893a7e4aa1f6f13b34abf08) Importer(815301076,1909f56bfc062723c751e8b465ee728b)  -> (artifact id: '6d2bcb8ea3d52a0f01e51071744fb141') in 0.012136 seconds
Number of updated asset objects reloaded before import = 0
Number of asset objects unloaded after import = 10
========================================================================
Received Import Request.
  Time since last request: 0.000030 seconds.
  path: Assets/ProjectData/Obstacles/Rock 10.prefab
  artifactKey: Guid(832f808559a28d84799bed875c4818f2) Importer(815301076,1909f56bfc062723c751e8b465ee728b)
Start importing Assets/ProjectData/Obstacles/Rock 10.prefab using Guid(832f808559a28d84799bed875c4818f2) Importer(815301076,1909f56bfc062723c751e8b465ee728b)  -> (artifact id: '917f8a677e3e09f85ea43d0aa2cb9f3f') in 0.011753 seconds
Number of updated asset objects reloaded before import = 0
Number of asset objects unloaded after import = 10
========================================================================
Received Import Request.
  Time since last request: 0.000020 seconds.
  path: Assets/ProjectData/Obstacles/Rock 9.prefab
  artifactKey: Guid(83a3164ddd9dda74cb31cf55d814c986) Importer(815301076,1909f56bfc062723c751e8b465ee728b)
Start importing Assets/ProjectData/Obstacles/Rock 9.prefab using Guid(83a3164ddd9dda74cb31cf55d814c986) Importer(815301076,1909f56bfc062723c751e8b465ee728b)  -> (artifact id: '2c68e91bbdfdb02893c7b0ee35fcb06d') in 0.011609 seconds
Number of updated asset objects reloaded before import = 0
Number of asset objects unloaded after import = 10
========================================================================
Received Import Request.
  Time since last request: 0.000026 seconds.
  path: Assets/ProjectData/Obstacles/Rock 13.prefab
  artifactKey: Guid(ecece7857fd7b7248abf3abf406779ba) Importer(815301076,1909f56bfc062723c751e8b465ee728b)
Start importing Assets/ProjectData/Obstacles/Rock 13.prefab using Guid(ecece7857fd7b7248abf3abf406779ba) Importer(815301076,1909f56bfc062723c751e8b465ee728b)  -> (artifact id: '79555cab4928205d53dfa2112e17ba97') in 0.010323 seconds
Number of updated asset objects reloaded before import = 0
Number of asset objects unloaded after import = 10
========================================================================
Received Import Request.
  Time since last request: 0.000028 seconds.
  path: Assets/ProjectData/Obstacles/Rock 7.prefab
  artifactKey: Guid(2f45bb2b603ca714e949e68488bb22e3) Importer(815301076,1909f56bfc062723c751e8b465ee728b)
Start importing Assets/ProjectData/Obstacles/Rock 7.prefab using Guid(2f45bb2b603ca714e949e68488bb22e3) Importer(815301076,1909f56bfc062723c751e8b465ee728b)  -> (artifact id: '3277ea1ee9d0fd80b107e88e6c5fdbf2') in 0.013821 seconds
Number of updated asset objects reloaded before import = 0
Number of asset objects unloaded after import = 10
========================================================================
Received Import Request.
  Time since last request: 0.000021 seconds.
  path: Assets/ProjectData/Obstacles/Rock 12.prefab
  artifactKey: Guid(fb8c984c01a467e479fb10647650c58f) Importer(815301076,1909f56bfc062723c751e8b465ee728b)
Start importing Assets/ProjectData/Obstacles/Rock 12.prefab using Guid(fb8c984c01a467e479fb10647650c58f) Importer(815301076,1909f56bfc062723c751e8b465ee728b)  -> (artifact id: '8b6c7e02cffc4f418fafcd9047f4bdda') in 0.009319 seconds
Number of updated asset objects reloaded before import = 0
Number of asset objects unloaded after import = 10
========================================================================
Received Import Request.
  Time since last request: 0.000024 seconds.
  path: Assets/ProjectData/Obstacles/Rock 5.prefab
  artifactKey: Guid(f00f1285bea09704a975a5d53a2aa872) Importer(815301076,1909f56bfc062723c751e8b465ee728b)
Start importing Assets/ProjectData/Obstacles/Rock 5.prefab using Guid(f00f1285bea09704a975a5d53a2aa872) Importer(815301076,1909f56bfc062723c751e8b465ee728b)  -> (artifact id: 'e390044b2e00785a8fc19d59a1e922c9') in 0.020282 seconds
Number of updated asset objects reloaded before import = 0
Number of asset objects unloaded after import = 10
========================================================================
Received Import Request.
  Time since last request: 0.000025 seconds.
  path: Assets/ProjectData/Obstacles/Rock 4.prefab
  artifactKey: Guid(8b7e0cc5480f2c8438f304f3e636dc9f) Importer(815301076,1909f56bfc062723c751e8b465ee728b)
Start importing Assets/ProjectData/Obstacles/Rock 4.prefab using Guid(8b7e0cc5480f2c8438f304f3e636dc9f) Importer(815301076,1909f56bfc062723c751e8b465ee728b)  -> (artifact id: '675ba307a78a0d26716b2a760b06cc97') in 0.019961 seconds
Number of updated asset objects reloaded before import = 0
Number of asset objects unloaded after import = 10
========================================================================
Received Import Request.
  Time since last request: 24.516486 seconds.
  path: Assets/ProjectData/Player/Reactor_particule.prefab
  artifactKey: Guid(6ea5c27a5d6d8714d85eee2bed0df350) Importer(815301076,1909f56bfc062723c751e8b465ee728b)
Start importing Assets/ProjectData/Player/Reactor_particule.prefab using Guid(6ea5c27a5d6d8714d85eee2bed0df350) Importer(815301076,1909f56bfc062723c751e8b465ee728b)  -> (artifact id: '1ba54444dc2afbc83a0cee71f4155998') in 0.062109 seconds
Number of updated asset objects reloaded before import = 0
Number of asset objects unloaded after import = 7
========================================================================
Received Import Request.
  Time since last request: 13.704768 seconds.
  path: Assets/ProjectData/Enemy/Artillery_Cross/Physics Material 2D.physicsMaterial2D
  artifactKey: Guid(509047321840b3e4ea7283bdb652ef10) Importer(815301076,1909f56bfc062723c751e8b465ee728b)
Start importing Assets/ProjectData/Enemy/Artillery_Cross/Physics Material 2D.physicsMaterial2D using Guid(509047321840b3e4ea7283bdb652ef10) Importer(815301076,1909f56bfc062723c751e8b465ee728b)  -> (artifact id: 'f928026b066abe6d991f91c921342f74') in 0.001200 seconds
Number of updated asset objects reloaded before import = 0
Number of asset objects unloaded after import = 1
========================================================================
Received Import Request.
  Time since last request: 49.642353 seconds.
  path: Assets/ProjectData/Enemy/Spawner/Physics Material 2D.physicsMaterial2D
  artifactKey: Guid(b98cd7b3ee3d9354486c59d00a5476d6) Importer(815301076,1909f56bfc062723c751e8b465ee728b)
Start importing Assets/ProjectData/Enemy/Spawner/Physics Material 2D.physicsMaterial2D using Guid(b98cd7b3ee3d9354486c59d00a5476d6) Importer(815301076,1909f56bfc062723c751e8b465ee728b)  -> (artifact id: '9135c2f750e7d2958c96b9ab083c564c') in 0.001380 seconds
Number of updated asset objects reloaded before import = 0
Number of asset objects unloaded after import = 1
========================================================================
Received Import Request.
  Time since last request: 0.000017 seconds.
  path: Assets/ProjectData/Enemy/Spawner/spawner1.png
  artifactKey: Guid(e8e4b6a61f54638449bc7da3517c4dc2) Importer(815301076,1909f56bfc062723c751e8b465ee728b)
Start importing Assets/ProjectData/Enemy/Spawner/spawner1.png using Guid(e8e4b6a61f54638449bc7da3517c4dc2) Importer(815301076,1909f56bfc062723c751e8b465ee728b)  -> (artifact id: '226de37be8cb1b51d109ec2caa39d515') in 0.078011 seconds
Number of updated asset objects reloaded before import = 0
Number of asset objects unloaded after import = 3
Editor requested this worker to shutdown with reason: Scaling down because of idle timeout
TcpMessagingSession - receive error: operation aborted. errorcode: 995, details: L’opération d’entrée/sortie a été abandonnée en raison de l’arrêt d’un thread ou à la demande d’une application.
AssetImportWorker is now disconnected from the server
Process exiting
Exiting without the bug reporter. Application will terminate with return code 0